{
  "stats": {
    "suites": 1,
    "tests": 3,
    "passes": 3,
    "pending": 0,
    "failures": 0,
    "start": "2024-08-14T22:36:44.686Z",
    "end": "2024-08-14T22:36:47.010Z",
    "duration": 2324,
    "testsRegistered": 3,
    "passPercent": 100,
    "pendingPercent": 0,
    "other": 0,
    "hasOther": false,
    "skipped": 0,
    "hasSkipped": false
  },
  "results": [
    {
      "uuid": "1aeb213d-e62c-48fb-a3c2-55f715a51400",
      "title": "",
      "fullFile": "cypress\\e2e\\tests\\Galery\\2546US-ClasificarDestColorPrecio.cy.js",
      "file": "cypress\\e2e\\tests\\Galery\\2546US-ClasificarDestColorPrecio.cy.js",
      "beforeHooks": [],
      "afterHooks": [],
      "tests": [],
      "suites": [
        {
          "uuid": "ee42b678-0c7a-47d4-98f8-080cc30c1d60",
          "title": "TS|US|clasificar según destino, color y precio",
          "fullFile": "",
          "file": "",
          "beforeHooks": [],
          "afterHooks": [],
          "tests": [
            {
              "title": "TC1|Validar seleccionar destino",
              "fullTitle": "TS|US|clasificar según destino, color y precio TC1|Validar seleccionar destino",
              "timedOut": null,
              "duration": 1612,
              "state": "passed",
              "speed": "fast",
              "pass": true,
              "fail": false,
              "pending": false,
              "context": null,
              "code": "galery.planetRandom();\ncy.get('.Box__box___2XzJ2.Gallery__items-box___2hOZl [data-react-toolbox=\"card\"]').should('be.visible');",
              "err": {},
              "uuid": "a7297ca9-56e2-494f-b1f3-174913380fbe",
              "parentUUID": "ee42b678-0c7a-47d4-98f8-080cc30c1d60",
              "isHook": false,
              "skipped": false
            },
            {
              "title": "TC2|Validar seleccionar color",
              "fullTitle": "TS|US|clasificar según destino, color y precio TC2|Validar seleccionar color",
              "timedOut": null,
              "duration": 329,
              "state": "passed",
              "speed": "fast",
              "pass": true,
              "fail": false,
              "pending": false,
              "context": null,
              "code": "galery.ColorRandom();\ncy.get('.Box__box___2XzJ2.Gallery__items-box___2hOZl [data-react-toolbox=\"card\"]').should('be.visible');",
              "err": {},
              "uuid": "daf02fbb-fa6c-4d8a-a26f-1e5a088254c0",
              "parentUUID": "ee42b678-0c7a-47d4-98f8-080cc30c1d60",
              "isHook": false,
              "skipped": false
            },
            {
              "title": "TC3|Validar deslizar el rango de precios deseado",
              "fullTitle": "TS|US|clasificar según destino, color y precio TC3|Validar deslizar el rango de precios deseado",
              "timedOut": null,
              "duration": 299,
              "state": "passed",
              "speed": "fast",
              "pass": true,
              "fail": false,
              "pending": false,
              "context": null,
              "code": "galery.sliderRandom();\ncy.get('.Box__box___2XzJ2.Gallery__items-box___2hOZl [data-react-toolbox=\"card\"]').should('be.visible');",
              "err": {},
              "uuid": "386501c1-3b28-44c9-9f82-fe57751bd10c",
              "parentUUID": "ee42b678-0c7a-47d4-98f8-080cc30c1d60",
              "isHook": false,
              "skipped": false
            }
          ],
          "suites": [],
          "passes": [
            "a7297ca9-56e2-494f-b1f3-174913380fbe",
            "daf02fbb-fa6c-4d8a-a26f-1e5a088254c0",
            "386501c1-3b28-44c9-9f82-fe57751bd10c"
          ],
          "failures": [],
          "pending": [],
          "skipped": [],
          "duration": 2240,
          "root": false,
          "rootEmpty": false,
          "_timeout": 2000
        }
      ],
      "passes": [],
      "failures": [],
      "pending": [],
      "skipped": [],
      "duration": 0,
      "root": true,
      "rootEmpty": true,
      "_timeout": 2000
    }
  ],
  "meta": {
    "mocha": {
      "version": "7.0.1"
    },
    "mochawesome": {
      "options": {
        "quiet": true,
        "reportFilename": "[status]-[name]-report",
        "saveHtml": true,
        "saveJson": true,
        "consoleReporter": "spec",
        "useInlineDiffs": false,
        "code": true
      },
      "version": "7.1.3"
    },
    "marge": {
      "options": {
        "id": "default",
        "reportFilename": "[status]-[name]-report",
        "quiet": true,
        "html": true,
        "json": true
      },
      "version": "6.2.0"
    }
  }
}